#
# There is insufficient memory for the Java Runtime Environment to continue.
# Native memory allocation (mmap) failed to map 520093696 bytes. Error detail: G1 virtual space
# Possible reasons:
#   The system is out of physical RAM or swap space
#   This process is running with CompressedOops enabled, and the Java Heap may be blocking the growth of the native heap
# Possible solutions:
#   Reduce memory load on the system
#   Increase physical memory or swap space
#   Check if swap backing store is full
#   Decrease Java heap size (-Xmx/-Xms)
#   Decrease number of Java threads
#   Decrease Java thread stack sizes (-Xss)
#   Set larger code cache with -XX:ReservedCodeCacheSize=
#   JVM is running with Zero Based Compressed Oops mode in which the Java heap is
#     placed in the first 32GB address space. The Java Heap base address is the
#     maximum limit for the native heap growth. Please use -XX:HeapBaseMinAddress
#     to set the Java Heap base and to place the Java Heap above 32GB virtual address.
# This output file may be truncated or incomplete.
#
#  Out of Memory Error (os_windows.cpp:3926), pid=24008, tid=23664
#
# JRE version:  (21.0.10+1) (build )
# Java VM: OpenJDK 64-Bit Server VM (21.0.10+1-b1163.108, mixed mode, sharing, tiered, compressed oops, compressed class ptrs, g1 gc, windows-amd64)
# No core dump will be written. Minidumps are not enabled by default on client versions of Windows
#

---------------  S U M M A R Y ------------

Command Line: com.intellij.mcpserver.stdio.McpStdioRunnerKt

Host: AMD Ryzen 7 7840HS with Radeon 780M Graphics, 16 cores, 30G,  Windows 11 , 64 bit Build 22621 (10.0.22621.5415)
Time: Sun Apr  5 16:22:51 2026 SE Asia Standard Time elapsed time: 0.009636 seconds (0d 0h 0m 0s)

---------------  T H R E A D  ---------------

Current thread (0x00000113d84b45c0):  JavaThread "Unknown thread" [_thread_in_vm, id=23664, stack(0x00000001a5600000,0x00000001a5700000) (1024K)]

Stack: [0x00000001a5600000,0x00000001a5700000]
Native frames: (J=compiled Java code, j=interpreted, Vv=VM code, C=native code)
V  [jvm.dll+0x6ecf49]
V  [jvm.dll+0x8cbe73]
V  [jvm.dll+0x8ce49e]
V  [jvm.dll+0x8ceb83]
V  [jvm.dll+0x28b776]
V  [jvm.dll+0x6e9725]
V  [jvm.dll+0x6dcdba]
V  [jvm.dll+0x3671cb]
V  [jvm.dll+0x36edb6]
V  [jvm.dll+0x3c1436]
V  [jvm.dll+0x3c1708]
V  [jvm.dll+0x33997c]
V  [jvm.dll+0x33a66b]
V  [jvm.dll+0x894719]
V  [jvm.dll+0x3ce608]
V  [jvm.dll+0x87d658]
V  [jvm.dll+0x46322e]
V  [jvm.dll+0x464f11]
C  [jli.dll+0x52ab]
C  [ucrtbase.dll+0x29333]
C  [KERNEL32.DLL+0x1259d]
C  [ntdll.dll+0x5af78]


---------------  P R O C E S S  ---------------

Threads class SMR info:
_java_thread_list=0x00007ffdf95352c8, length=0, elements={
}

Java Threads: ( => current thread )
Total: 0

Other Threads:
  0x00000113da882810 WorkerThread "GC Thread#0"                     [id=22464, stack(0x00000001a5700000,0x00000001a5800000) (1024K)]
  0x00000113da893750 ConcurrentGCThread "G1 Main Marker"            [id=24968, stack(0x00000001a5800000,0x00000001a5900000) (1024K)]
  0x00000113da894170 WorkerThread "G1 Conc#0"                       [id=22560, stack(0x00000001a5900000,0x00000001a5a00000) (1024K)]

[error occurred during error reporting (printing all threads), id 0xc0000005, EXCEPTION_ACCESS_VIOLATION (0xc0000005) at pc=0x00007ffdf8c1c9d7]
VM state: not at safepoint (not fully initialized)

VM Mutex/Monitor currently owned by a thread:  ([mutex/lock_event])
[0x00007ffdf95a9e20] Heap_lock - owner thread: 0x00000113d84b45c0

Heap address: 0x0000000613000000, size: 7888 MB, Compressed Oops mode: Zero based, Oop shift amount: 3

CDS archive(s) mapped at: [0x0000000000000000-0x0000000000000000-0x0000000000000000), size 0, SharedBaseAddress: 0x0000000800000000, ArchiveRelocationMode: 1.
Narrow klass base: 0x0000000000000000, Narrow klass shift: 0, Narrow klass range: 0x0

GC Precious Log:
 CardTable entry size: 512
 Card Set container configuration: InlinePtr #cards 4 size 8 Array Of Cards #cards 32 size 80 Howl #buckets 8 coarsen threshold 7372 Howl Bitmap #cards 1024 size 144 coarsen threshold 921 Card regions per heap region 1 cards per card region 8192

Heap:
 garbage-first heap   total 0K, used 0K [0x0000000613000000, 0x0000000800000000)
  region size 4096K, 0 young (0K), 0 survivors (0K)
 Metaspace       used 0K, committed 0K, reserved 0K
  class space    used 0K, committed 0K, reserved 0K

Heap Regions: E=young(eden), S=young(survivor), O=old, HS=humongous(starts), HC=humongous(continues), CS=collection set, F=free, TAMS=top-at-mark-start, PB=parsable bottom

Card table byte_map: [0x00000113ef050000,0x00000113effc0000] _byte_map_base: 0x00000113ebfb8000

Marking Bits: (CMBitMap*) 0x00000113da883640
 Bits: [0x00000113effc0000, 0x00000113f7b00000)

GC Heap History (0 events):
No events

Dll operation events (1 events):
Event: 0.007 Loaded shared library C:\Program Files\JetBrains\IntelliJ IDEA 2025.3.3\jbr\bin\java.dll

Deoptimization events (0 events):
No events

Classes loaded (0 events):
No events

Classes unloaded (0 events):
No events

Classes redefined (0 events):
No events

Internal exceptions (0 events):
No events

ZGC Phase Switch (0 events):
No events

VM Operations (0 events):
No events

Memory protections (0 events):
No events

Nmethod flushes (0 events):
No events

Events (0 events):
No events


Dynamic libraries:
0x00007ff7810d0000 - 0x00007ff7810da000 	C:\Program Files\JetBrains\IntelliJ IDEA 2025.3.3\jbr\bin\java.exe
0x00007ffe7fed0000 - 0x00007ffe800e8000 	C:\Windows\SYSTEM32\ntdll.dll
0x00007ffe7e150000 - 0x00007ffe7e214000 	C:\Windows\System32\KERNEL32.DLL
0x00007ffe7d100000 - 0x00007ffe7d4d3000 	C:\Windows\System32\KERNELBASE.dll
0x00007ffe7d9a0000 - 0x00007ffe7dab1000 	C:\Windows\System32\ucrtbase.dll
0x00007ffe41150000 - 0x00007ffe41168000 	C:\Program Files\JetBrains\IntelliJ IDEA 2025.3.3\jbr\bin\jli.dll
0x00007ffe5da10000 - 0x00007ffe5da2b000 	C:\Program Files\JetBrains\IntelliJ IDEA 2025.3.3\jbr\bin\VCRUNTIME140.dll
0x00007ffe7f000000 - 0x00007ffe7f1b2000 	C:\Windows\System32\USER32.dll
0x00007ffe7d800000 - 0x00007ffe7d826000 	C:\Windows\System32\win32u.dll
0x00007ffe6b4c0000 - 0x00007ffe6b75c000 	C:\Windows\WinSxS\amd64_microsoft.windows.common-controls_6595b64144ccf1df_6.0.22621.6060_none_2712eda17382d24b\COMCTL32.dll
0x00007ffe7f7c0000 - 0x00007ffe7f867000 	C:\Windows\System32\msvcrt.dll
0x00007ffe7efd0000 - 0x00007ffe7eff9000 	C:\Windows\System32\GDI32.dll
0x00007ffe7cfe0000 - 0x00007ffe7d0fb000 	C:\Windows\System32\gdi32full.dll
0x00007ffe7d760000 - 0x00007ffe7d7fa000 	C:\Windows\System32\msvcp_win.dll
0x00007ffe7e230000 - 0x00007ffe7e261000 	C:\Windows\System32\IMM32.DLL
0x00007ffe5da00000 - 0x00007ffe5da0c000 	C:\Program Files\JetBrains\IntelliJ IDEA 2025.3.3\jbr\bin\vcruntime140_1.dll
0x00007ffe2c790000 - 0x00007ffe2c81d000 	C:\Program Files\JetBrains\IntelliJ IDEA 2025.3.3\jbr\bin\msvcp140.dll
0x00007ffdf88d0000 - 0x00007ffdf969d000 	C:\Program Files\JetBrains\IntelliJ IDEA 2025.3.3\jbr\bin\server\jvm.dll
0x00007ffe7ee90000 - 0x00007ffe7ef41000 	C:\Windows\System32\ADVAPI32.dll
0x00007ffe7fdd0000 - 0x00007ffe7fe78000 	C:\Windows\System32\sechost.dll
0x00007ffe7dac0000 - 0x00007ffe7dae8000 	C:\Windows\System32\bcrypt.dll
0x00007ffe7f870000 - 0x00007ffe7f988000 	C:\Windows\System32\RPCRT4.dll
0x00007ffe7f740000 - 0x00007ffe7f7b1000 	C:\Windows\System32\WS2_32.dll
0x00007ffe7cd00000 - 0x00007ffe7cd4d000 	C:\Windows\SYSTEM32\POWRPROF.dll
0x00007ffe78240000 - 0x00007ffe78274000 	C:\Windows\SYSTEM32\WINMM.dll
0x00007ffe727e0000 - 0x00007ffe727ea000 	C:\Windows\SYSTEM32\VERSION.dll
0x00007ffe7cce0000 - 0x00007ffe7ccf3000 	C:\Windows\SYSTEM32\UMPDC.dll
0x00007ffe7bf90000 - 0x00007ffe7bfa8000 	C:\Windows\SYSTEM32\kernel.appcore.dll
0x00007ffe5d830000 - 0x00007ffe5d83a000 	C:\Program Files\JetBrains\IntelliJ IDEA 2025.3.3\jbr\bin\jimage.dll
0x00007ffe7aaa0000 - 0x00007ffe7acd3000 	C:\Windows\SYSTEM32\DBGHELP.DLL
0x00007ffe7f9b0000 - 0x00007ffe7fd41000 	C:\Windows\System32\combase.dll
0x00007ffe7f660000 - 0x00007ffe7f738000 	C:\Windows\System32\OLEAUT32.dll
0x00007ffe609f0000 - 0x00007ffe60a22000 	C:\Windows\SYSTEM32\dbgcore.DLL
0x00007ffe7daf0000 - 0x00007ffe7db6b000 	C:\Windows\System32\bcryptPrimitives.dll
0x00007ffe5cdb0000 - 0x00007ffe5cdd0000 	C:\Program Files\JetBrains\IntelliJ IDEA 2025.3.3\jbr\bin\java.dll

JVMTI agents: none

dbghelp: loaded successfully - version: 4.0.5 - missing functions: none
symbol engine: initialized successfully - sym options: 0x614 - pdb path: .;C:\Program Files\JetBrains\IntelliJ IDEA 2025.3.3\jbr\bin;C:\Windows\SYSTEM32;C:\Windows\WinSxS\amd64_microsoft.windows.common-controls_6595b64144ccf1df_6.0.22621.6060_none_2712eda17382d24b;C:\Program Files\JetBrains\IntelliJ IDEA 2025.3.3\jbr\bin\server

VM Arguments:
java_command: com.intellij.mcpserver.stdio.McpStdioRunnerKt
java_class_path (initial): C:\Program Files\JetBrains\IntelliJ IDEA 2025.3.3\plugins\mcpserver\lib\mcpserver-frontend.jar;C:\Program Files\JetBrains\IntelliJ IDEA 2025.3.3\lib\util-8.jar;C:\Program Files\JetBrains\IntelliJ IDEA 2025.3.3\lib\module-intellij.libraries.ktor.client.cio.jar;C:\Program Files\JetBrains\IntelliJ IDEA 2025.3.3\lib\module-intellij.libraries.ktor.client.jar;C:\Program Files\JetBrains\IntelliJ IDEA 2025.3.3\lib\module-intellij.libraries.ktor.network.tls.jar;C:\Program Files\JetBrains\IntelliJ IDEA 2025.3.3\lib\module-intellij.libraries.ktor.io.jar;C:\Program Files\JetBrains\IntelliJ IDEA 2025.3.3\lib\module-intellij.libraries.ktor.utils.jar;C:\Program Files\JetBrains\IntelliJ IDEA 2025.3.3\lib\module-intellij.libraries.kotlinx.io.jar;C:\Program Files\JetBrains\IntelliJ IDEA 2025.3.3\lib\module-intellij.libraries.kotlinx.serialization.core.jar;C:\Program Files\JetBrains\IntelliJ IDEA 2025.3.3\lib\module-intellij.libraries.kotlinx.serialization.json.jar
Launcher Type: SUN_STANDARD

[Global flags]
     intx CICompilerCount                          = 12                                        {product} {ergonomic}
     uint ConcGCThreads                            = 3                                         {product} {ergonomic}
     uint G1ConcRefinementThreads                  = 13                                        {product} {ergonomic}
   size_t G1HeapRegionSize                         = 4194304                                   {product} {ergonomic}
    uintx GCDrainStackTargetSize                   = 64                                        {product} {ergonomic}
   size_t InitialHeapSize                          = 520093696                                 {product} {ergonomic}
   size_t MarkStackSize                            = 4194304                                   {product} {ergonomic}
   size_t MaxHeapSize                              = 8271167488                                {product} {ergonomic}
   size_t MinHeapDeltaBytes                        = 4194304                                   {product} {ergonomic}
   size_t MinHeapSize                              = 8388608                                   {product} {ergonomic}
    uintx NonNMethodCodeHeapSize                   = 7602480                                {pd product} {ergonomic}
    uintx NonProfiledCodeHeapSize                  = 122027880                              {pd product} {ergonomic}
    uintx ProfiledCodeHeapSize                     = 122027880                              {pd product} {ergonomic}
    uintx ReservedCodeCacheSize                    = 251658240                              {pd product} {ergonomic}
     bool SegmentedCodeCache                       = true                                      {product} {ergonomic}
   size_t SoftMaxHeapSize                          = 8271167488                             {manageable} {ergonomic}
     bool UseCompressedOops                        = true                           {product lp64_product} {ergonomic}
     bool UseG1GC                                  = true                                      {product} {ergonomic}
     bool UseLargePagesIndividualAllocation        = false                                  {pd product} {ergonomic}

Logging:
Log output configuration:
 #0: stdout all=warning uptime,level,tags foldmultilines=false
 #1: stderr all=off uptime,level,tags foldmultilines=false

Release file:
<release file has not been read>
Environment Variables:
PATH=c:\Users\Lenovo\AppData\Local\Programs\cursor\resources\app\bin;E:\VMware\bin\;C:\Program Files\Common Files\Oracle\Java\javapath;C:\Windows\system32;C:\Users\Lenovo\AppData\Local\Programs\Python\Python310\;C:\Users\Lenovo\AppData\Local\Programs\Python\Python313\;C:\Windows;C:\Windows\System32\Wbem;C:\Windows\System32\WindowsPowerShell\v1.0\;C:\Windows\System32\OpenSSH\;C:\Program Files (x86)\Microsoft SQL Server\160\Tools\Binn\;C:\Program Files\Microsoft SQL Server\160\Tools\Binn\;C:\Program Files\Microsoft SQL Server\Client SDK\ODBC\170\Tools\Binn\;C:\Program Files\Microsoft SQL Server\160\DTS\Binn\;C:\Program Files\Java\jdk-24;C:\Program Files (x86)\Microsoft SQL Server\160\DTS\Binn\;C:\msys64\ucrt64\bin;C:\Program Files\Git\cmd;C:\Program Files\Microsoft SQL Server\150\Tools\Binn\;C:\Users\Lenovo\AppData\Local\Microsoft\WindowsApps;C:\Users\Lenovo\AppData\Local\Programs\cursor\resources\app\bin;C:\Users\Lenovo\.dotnet\tools;c:\Users\Lenovo\AppData\Local\Programs\cursor\resources\app\bin;C:\Program Files\apache-maven-3.9.11\bin;C:\Program Files\nodejs\;C:\Program Files\dotnet\;;C:\Program Files\Docker\Docker\resources\bin;C:\Program Files\MySQL\MySQL Shell 8.0\bin\;C:\Users\Lenovo\AppData\Local\Programs\Python\Python310\Scripts\;C:\Users\Lenovo\AppData\Local\Programs\Python\Python310\;C:\Users\Lenovo\AppData\Local\Programs\Python\Python313\Scripts\;C:\Users\Lenovo\AppData\Local\Programs\Python\Python313\;C:\Users\Lenovo\AppData\Local\Microsoft\WindowsApps;C:\Users\Lenovo\AppData\Local\Programs\Microsoft VS Code\bin;C:\Users\Lenovo\AppData\Local\Programs\cursor\resources\app\bin;C:\Users\Lenovo\AppData\Roaming\npm;C:\Users\Lenovo\.dotnet\tools;C:\Users\Lenovo\AppData\Local\Programs\Antigravity\bin;C:\Program Files\JetBrains\IntelliJ IDEA 2025.3.3\bin
USERNAME=Lenovo
SHELL=C:\Program Files\Git\bin\bash.exe
OS=Windows_NT
PROCESSOR_IDENTIFIER=AMD64 Family 25 Model 116 Stepping 1, AuthenticAMD
TMP=C:\Users\Lenovo\AppData\Local\Temp
TEMP=C:\Users\Lenovo\AppData\Local\Temp




Periodic native trim disabled

JNI global refs:
JNI global refs: 0, weak refs: 0

JNI global refs memory usage: 0, weak refs: 0

Process memory usage:
Resident Set Size: 12164K (0% of 32305824K total physical memory with 12569948K free physical memory)

OOME stack traces (most recent first):
Classloader memory used:

---------------  S Y S T E M  ---------------

OS:
 Windows 11 , 64 bit Build 22621 (10.0.22621.5415)
OS uptime: 1 days 20:01 hours
Hyper-V role detected

CPU: total 16 (initial active 16) (16 cores per cpu, 2 threads per core) family 25 model 116 stepping 1 microcode 0x0, cx8, cmov, fxsr, ht, mmx, 3dnowpref, sse, sse2, sse3, ssse3, sse4a, sse4.1, sse4.2, popcnt, lzcnt, tsc, tscinvbit, avx, avx2, aes, erms, clmul, bmi1, bmi2, adx, avx512f, avx512dq, avx512cd, avx512bw, avx512vl, sha, fma, vzeroupper, avx512_vpopcntdq, avx512_vpclmulqdq, avx512_vaes, avx512_vnni, clflush, clflushopt, avx512_vbmi2, avx512_vbmi, hv, rdtscp, rdpid, gfni, avx512_bitalg, f16c, cet_ss, avx512_ifma
Processor Information for processor 0
  Max Mhz: 3801, Current Mhz: 3040, Mhz Limit: 3801
Processor Information for processor 1
  Max Mhz: 3801, Current Mhz: 3801, Mhz Limit: 3801
Processor Information for processor 2
  Max Mhz: 3801, Current Mhz: 3801, Mhz Limit: 3801
Processor Information for processor 3
  Max Mhz: 3801, Current Mhz: 3040, Mhz Limit: 3801
Processor Information for processor 4
  Max Mhz: 3801, Current Mhz: 3801, Mhz Limit: 3801
Processor Information for processor 5
  Max Mhz: 3801, Current Mhz: 3040, Mhz Limit: 3801
Processor Information for processor 6
  Max Mhz: 3801, Current Mhz: 3801, Mhz Limit: 3801
Processor Information for processor 7
  Max Mhz: 3801, Current Mhz: 3040, Mhz Limit: 3801
Processor Information for processor 8
  Max Mhz: 3801, Current Mhz: 3040, Mhz Limit: 3801
Processor Information for processor 9
  Max Mhz: 3801, Current Mhz: 3040, Mhz Limit: 3801
Processor Information for processor 10
  Max Mhz: 3801, Current Mhz: 3040, Mhz Limit: 3801
Processor Information for processor 11
  Max Mhz: 3801, Current Mhz: 3040, Mhz Limit: 3801
Processor Information for processor 12
  Max Mhz: 3801, Current Mhz: 3801, Mhz Limit: 3801
Processor Information for processor 13
  Max Mhz: 3801, Current Mhz: 3801, Mhz Limit: 3801
Processor Information for processor 14
  Max Mhz: 3801, Current Mhz: 3040, Mhz Limit: 3801
Processor Information for processor 15
  Max Mhz: 3801, Current Mhz: 3801, Mhz Limit: 3801

Memory: 4k page, system-wide physical 31548M (12275M free)
TotalPageFile size 31548M (AvailPageFile size 99M)
current process WorkingSet (physical memory assigned to process): 11M, peak: 11M
current process commit charge ("private bytes"): 71M, peak: 567M

vm_info: OpenJDK 64-Bit Server VM (21.0.10+1-b1163.108) for windows-amd64 JRE (21.0.10+1-b1163.108), built on 2026-02-06 by "builduser" with MS VC++ 16.10 / 16.11 (VS2019)

END.
